  Audio.cpp
d:\manikandan\documents\computer graphics - masters\dsp\opengltemplate\cbuffer.h(23): warning C4200: nonstandard extension used: zero-sized array in struct/union
  d:\manikandan\documents\computer graphics - masters\dsp\opengltemplate\cbuffer.h(23): note: This member will be ignored by a defaulted constructor or copy/move assignment operator
d:\manikandan\documents\computer graphics - masters\dsp\opengltemplate\audio.cpp(64): warning C4244: '=': conversion from 'double' to 'float', possible loss of data
d:\manikandan\documents\computer graphics - masters\dsp\opengltemplate\audio.cpp(254): warning C4996: 'fopen': This function or variable may be unsafe. Consider using fopen_s instead. To disable deprecation, use _CRT_SECURE_NO_WARNINGS. See online help for details.
  c:\program files (x86)\windows kits\10\include\10.0.17763.0\ucrt\stdio.h(208): note: see declaration of 'fopen'
d:\manikandan\documents\computer graphics - masters\dsp\opengltemplate\audio.cpp(260): warning C4996: 'fscanf': This function or variable may be unsafe. Consider using fscanf_s instead. To disable deprecation, use _CRT_SECURE_NO_WARNINGS. See online help for details.
  c:\program files (x86)\windows kits\10\include\10.0.17763.0\ucrt\stdio.h(1197): note: see declaration of 'fscanf'
  CBuffer.cpp
d:\manikandan\documents\computer graphics - masters\dsp\opengltemplate\cbuffer.h(23): warning C4200: nonstandard extension used: zero-sized array in struct/union
  d:\manikandan\documents\computer graphics - masters\dsp\opengltemplate\cbuffer.h(23): note: This member will be ignored by a defaulted constructor or copy/move assignment operator
  Game.cpp
d:\manikandan\documents\computer graphics - masters\dsp\opengltemplate\cbuffer.h(23): warning C4200: nonstandard extension used: zero-sized array in struct/union
  d:\manikandan\documents\computer graphics - masters\dsp\opengltemplate\cbuffer.h(23): note: This member will be ignored by a defaulted constructor or copy/move assignment operator
d:\manikandan\documents\computer graphics - masters\dsp\opengltemplate\game.cpp(310): warning C4244: '+=': conversion from 'double' to 'float', possible loss of data
d:\manikandan\documents\computer graphics - masters\dsp\opengltemplate\game.cpp(338): warning C4244: 'argument': conversion from 'double' to 'float', possible loss of data
d:\manikandan\documents\computer graphics - masters\dsp\opengltemplate\game.cpp(348): warning C4244: '+=': conversion from 'double' to 'float', possible loss of data
d:\manikandan\documents\computer graphics - masters\dsp\opengltemplate\game.cpp(350): warning C4244: '-=': conversion from 'double' to 'float', possible loss of data
  Generating Code...
  OpenGLTemplate.vcxproj -> D:\Manikandan\Documents\Computer Graphics - Masters\DSP\Debug\OpenGLTemplate.exe
